Started at Thu Jul 13 10:50:03 IST 2023
Processing test_freestyle
Offering test_freestyle to Project Build Discarder
Processing test_jenkinsfile_pipeline
Offering test_jenkinsfile_pipeline to Project Build Discarder
Finished at Thu Jul 13 10:50:03 IST 2023. 5ms
Started at Thu Jul 13 11:50:03 IST 2023
Processing test_freestyle
Offering test_freestyle to Project Build Discarder
Processing test_jenkinsfile_pipeline
Offering test_jenkinsfile_pipeline to Project Build Discarder
Finished at Thu Jul 13 11:50:04 IST 2023. 512ms
Started at Thu Jul 13 12:50:03 IST 2023
Processing test_freestyle
Offering test_freestyle to Project Build Discarder
Processing test_jenkinsfile_pipeline
Offering test_jenkinsfile_pipeline to Project Build Discarder
Finished at Thu Jul 13 12:50:03 IST 2023. 6ms
Started at Thu Jul 13 14:05:53 IST 2023
Processing test_freestyle
Offering test_freestyle to Project Build Discarder
Processing test_jenkinsfile_pipeline
Offering test_jenkinsfile_pipeline to Project Build Discarder
Finished at Thu Jul 13 14:05:57 IST 2023. 3905ms
Started at Thu Jul 13 14:50:03 IST 2023
Processing test_freestyle
Offering test_freestyle to Project Build Discarder
Processing test_jenkinsfile_pipeline
Offering test_jenkinsfile_pipeline to Project Build Discarder
Finished at Thu Jul 13 14:50:03 IST 2023. 2ms
Started at Thu Jul 13 15:50:03 IST 2023
Processing test_freestyle
Offering test_freestyle to Project Build Discarder
Processing test_jenkinsfile_pipeline
Offering test_jenkinsfile_pipeline to Project Build Discarder
Finished at Thu Jul 13 15:50:04 IST 2023. 46ms
